2026-03-14 09:51:19,870 19376 INFO ? odoo: Odoo version 18.0 
2026-03-14 09:51:19,870 19376 INFO ? odoo: Using configuration file at C:\odoo\odoo.conf 
2026-03-14 09:51:19,870 19376 INFO ? odoo: addons paths: ['C:\\odoo\\odoo\\addons', 'c:\\users\\shrav\\appdata\\local\\openerp s.a\\odoo\\addons\\18.0', 'c:\\odoo\\odoo\\addons', 'c:\\odoo\\addons', 'c:\\enterprise-18.0', 'c:\\odoo-hackathon'] 
2026-03-14 09:51:19,870 19376 INFO ? odoo: database: odoo@localhost:5432 
2026-03-14 09:51:20,381 19376 INFO ? odoo.addons.base.models.ir_actions_report: Will use the Wkhtmltopdf binary at C:\Program Files\wkhtmltopdf\bin\wkhtmltopdf.exe 
2026-03-14 09:51:20,661 19376 INFO ? odoo.addons.base.models.ir_actions_report: Will use the Wkhtmltoimage binary at C:\Program Files\wkhtmltopdf\bin\wkhtmltoimage.exe 
2026-03-14 09:51:21,289 19376 INFO ? odoo.service.server: Initiating shutdown 
2026-03-14 09:51:21,289 19376 INFO ? odoo.service.server: Hit CTRL-C again or send a second signal to force the shutdown. 
2026-03-14 09:51:21,398 19376 INFO hackathon odoo.modules.loading: loading 1 modules... 
2026-03-14 09:51:21,413 19376 INFO hackathon odoo.modules.loading: 1 modules loaded in 0.01s, 0 queries (+0 extra) 
2026-03-14 09:51:21,488 19376 INFO hackathon odoo.modules.loading: loading 55 modules... 
2026-03-14 09:51:22,859 19376 INFO hackathon odoo.modules.loading: 55 modules loaded in 1.37s, 0 queries (+0 extra) 
2026-03-14 09:51:22,951 19376 INFO hackathon odoo.modules.loading: Modules loaded. 
2026-03-14 09:51:22,962 19376 INFO hackathon odoo.modules.registry: Registry loaded in 1.662s 
2026-03-14 09:51:22,973 19376 WARNING hackathon py.warnings: C:\odoo\odoo\modules\registry.py:393: UserWarning: core.product: inconsistent 'compute_sudo' for computed fields stock_qty, is_low_stock. Either set 'compute_sudo' to the same value on all those fields, or use distinct compute methods for sudoed and non-sudoed fields.
  File "C:\odoo\setup\odoo", line 8, in <module>
    odoo.cli.main()
  File "C:\odoo\odoo\cli\command.py", line 67, in main
    o.run(args)
  File "C:\odoo\odoo\cli\shell.py", line 130, in run
    self.shell(config['db_name'])
  File "C:\odoo\odoo\cli\shell.py", line 115, in shell
    ctx = odoo.api.Environment(cr, uid, {})['res.users'].context_get()
  File "C:\odoo\venv\Lib\site-packages\decorator.py", line 232, in fun
    return caller(func, *(extras + args), **kw)
  File "C:\odoo\odoo\tools\cache.py", line 110, in lookup
    value = d[key] = self.method(*args, **kwargs)
  File "C:\odoo\odoo\addons\base\models\res_users.py", line 857, in context_get
    values = user.read(list(name_to_key), load=False)[0]
  File "C:\odoo\odoo\addons\base\models\res_users.py", line 2072, in read
    res = super(UsersView, self).read(other_fields, load=load)
  File "C:\odoo\odoo\addons\base\models\res_users.py", line 668, in read
    return super(Users, self).read(fields=fields, load=load)
  File "C:\odoo\odoo\models.py", line 3858, in read
    return self._read_format(fnames=fields, load=load)
  File "C:\odoo\odoo\addons\base\models\res_users.py", line 2031, in _read_format
    return super()._read_format(valid_fields, load)
  File "C:\odoo\odoo\models.py", line 4089, in _read_format
    vals[name] = convert(record[name], record, use_display_name)
  File "C:\odoo\odoo\models.py", line 7078, in __getitem__
    return self._fields[key].__get__(self)
  File "C:\odoo\odoo\fields.py", line 1303, in __get__
    self.compute_value(recs)
  File "C:\odoo\odoo\fields.py", line 1472, in compute_value
    fields = records.pool.field_computed[self]
  File "C:\odoo\odoo\tools\func.py", line 42, in __get__
    value = self.fget(obj)
  File "C:\odoo\odoo\modules\registry.py", line 393, in field_computed
    warnings.warn(
 
2026-03-14 09:51:22,976 19376 WARNING hackathon py.warnings: C:\odoo\odoo\modules\registry.py:408: UserWarning: core.product: inconsistent 'store' for computed fields, accessing stock_qty may recompute and update is_low_stock. Use distinct compute methods for stored and non-stored fields.
  File "C:\odoo\setup\odoo", line 8, in <module>
    odoo.cli.main()
  File "C:\odoo\odoo\cli\command.py", line 67, in main
    o.run(args)
  File "C:\odoo\odoo\cli\shell.py", line 130, in run
    self.shell(config['db_name'])
  File "C:\odoo\odoo\cli\shell.py", line 115, in shell
    ctx = odoo.api.Environment(cr, uid, {})['res.users'].context_get()
  File "C:\odoo\venv\Lib\site-packages\decorator.py", line 232, in fun
    return caller(func, *(extras + args), **kw)
  File "C:\odoo\odoo\tools\cache.py", line 110, in lookup
    value = d[key] = self.method(*args, **kwargs)
  File "C:\odoo\odoo\addons\base\models\res_users.py", line 857, in context_get
    values = user.read(list(name_to_key), load=False)[0]
  File "C:\odoo\odoo\addons\base\models\res_users.py", line 2072, in read
    res = super(UsersView, self).read(other_fields, load=load)
  File "C:\odoo\odoo\addons\base\models\res_users.py", line 668, in read
    return super(Users, self).read(fields=fields, load=load)
  File "C:\odoo\odoo\models.py", line 3858, in read
    return self._read_format(fnames=fields, load=load)
  File "C:\odoo\odoo\addons\base\models\res_users.py", line 2031, in _read_format
    return super()._read_format(valid_fields, load)
  File "C:\odoo\odoo\models.py", line 4089, in _read_format
    vals[name] = convert(record[name], record, use_display_name)
  File "C:\odoo\odoo\models.py", line 7078, in __getitem__
    return self._fields[key].__get__(self)
  File "C:\odoo\odoo\fields.py", line 1303, in __get__
    self.compute_value(recs)
  File "C:\odoo\odoo\fields.py", line 1472, in compute_value
    fields = records.pool.field_computed[self]
  File "C:\odoo\odoo\tools\func.py", line 42, in __get__
    value = self.fget(obj)
  File "C:\odoo\odoo\modules\registry.py", line 408, in field_computed
    warnings.warn(
 
2026-03-14 09:51:23,181 19376 INFO hackathon odoo.models.unlink: User #1 deleted stock.move.line records with IDs: [21, 19, 22, 23, 26, 27, 25, 24, 18, 20] 
2026-03-14 09:51:23,337 19376 INFO hackathon odoo.models.unlink: User #1 deleted stock.move records with IDs: [23, 19, 24, 20, 26, 30, 31, 29, 28, 27, 25, 18, 21, 22] 
2026-03-14 09:51:23,451 19376 INFO hackathon odoo.models.unlink: User #1 deleted mail.message records with IDs: [128, 127, 126, 125, 124, 123, 122, 121, 120, 119, 118, 117] 
2026-03-14 09:51:23,490 19376 INFO hackathon odoo.models.unlink: User #1 deleted ir.model.data records with IDs: [30692, 30693, 30694, 30695, 30696, 30685, 30686, 30687, 30688, 30689, 30690, 30691] 
2026-03-14 09:51:23,490 19376 INFO hackathon odoo.models.unlink: User #1 deleted stock.picking records with IDs: [6, 2, 7, 3, 9, 12, 11, 10, 8, 1, 4, 5] 
2026-03-14 09:51:23,530 19376 INFO hackathon odoo.models.unlink: User #1 deleted mail.followers records with IDs: [1, 2, 3, 4, 5, 6, 7, 8, 9, 10, 11] 
2026-03-14 09:51:23,606 19376 INFO hackathon odoo.models.unlink: User #1 deleted ir.model.data records with IDs: [30655, 30665, 30666, 30667, 30668, 30669, 30656, 30657, 30658, 30659, 30660, 30661, 30662, 30663, 30664, 30683, 30684] 
2026-03-14 09:51:23,607 19376 INFO hackathon odoo.models.unlink: User #1 deleted stock.quant records with IDs: [1, 2, 3, 4, 5, 6, 7, 8, 9, 10, 11, 12, 13, 14, 15, 16, 17, 18, 19, 20, 21, 22, 23, 24, 25, 26, 27, 28, 29, 30, 31, 32, 33, 34] 
2026-03-14 09:51:23,789 19376 INFO hackathon odoo.models.unlink: User #1 deleted mail.message records with IDs: [144, 142, 137, 135, 133, 113, 102, 100, 98, 96, 93, 92, 90, 88, 86, 84, 82, 79, 78, 77, 75, 73, 71, 69, 67, 65, 64, 61, 59, 57, 55, 53, 51, 48, 47, 46, 41, 39, 37, 35, 33, 31, 29, 27] 
2026-03-14 09:51:23,859 19376 ERROR hackathon odoo.sql_db: bad query: b'DELETE FROM "product_product" WHERE id IN (1, 2, 3, 4, 5, 6, 7, 8, 12, 13, 14, 16, 17, 18, 19, 20, 21, 23, 24, 25, 26, 27, 28, 29, 30, 31, 32, 33, 34, 35, 36, 37, 38, 39, 40, 41, 42, 43, 44, 45, 46, 47, 48, 49)'
ERROR: update or delete on table "product_product" violates RESTRICT setting of foreign key constraint "product_combo_item_product_id_fkey" on table "product_combo_item"
DETAIL:  Key (id)=(16) is referenced from table "product_combo_item".
 
2026-03-14 09:51:23,860 19376 ERROR hackathon odoo.sql_db: bad query: b'SELECT "product_template"."id" FROM "product_template" WHERE ("product_template"."active" = true) ORDER BY COALESCE("product_template"."is_favorite", FALSE) DESC , "product_template"."name"->>\'en_US\'  '
ERROR: current transaction is aborted, commands ignored until end of transaction block
 
2026-03-14 09:51:23,861 19376 ERROR hackathon odoo.sql_db: bad query: b'SELECT "res_partner"."id" FROM "res_partner" WHERE ("res_partner"."active" = true) ORDER BY "res_partner"."complete_name" ASC , "res_partner"."id" DESC '
ERROR: current transaction is aborted, commands ignored until end of transaction block
 
